#
# There is insufficient memory for the Java Runtime Environment to continue.
# Native memory allocation (mmap) failed to map 268435456 bytes for Failed to commit area from 0x0000000701200000 to 0x0000000711200000 of length 268435456.
# Possible reasons:
#   The system is out of physical RAM or swap space
#   The process is running with CompressedOops enabled, and the Java Heap may be blocking the growth of the native heap
# Possible solutions:
#   Reduce memory load on the system
#   Increase physical memory or swap space
#   Check if swap backing store is full
#   Decrease Java heap size (-Xmx/-Xms)
#   Decrease number of Java threads
#   Decrease Java thread stack sizes (-Xss)
#   Set larger code cache with -XX:ReservedCodeCacheSize=
# This output file may be truncated or incomplete.
#
#  Out of Memory Error (t:/workspace/open/src/hotspot/os/windows/os_windows.cpp:3301), pid=5320, tid=5124
#
# JRE version:  (13.0.2+8) (build )
# Java VM: Java HotSpot(TM) 64-Bit Server VM (13.0.2+8, mixed mode, aot, sharing, tiered, compressed oops, g1 gc, windows-amd64)
# No core dump will be written. Minidumps are not enabled by default on client versions of Windows
#

---------------  S U M M A R Y ------------

Command Line: -Dmaven.multiModuleProjectDirectory=C:\Users\manss\IdeaProjects\MFA-LOCAL -Dmaven.home=C:\Program Files\JetBrains\IntelliJ IDEA Community Edition 2020.1.1\plugins\maven\lib\maven3 -Dclassworlds.conf=C:\Program Files\JetBrains\IntelliJ IDEA Community Edition 2020.1.1\plugins\maven\lib\maven3\bin\m2.conf -Dmaven.ext.class.path=C:\Program Files\JetBrains\IntelliJ IDEA Community Edition 2020.1.1\plugins\maven\lib\maven-event-listener.jar -javaagent:C:\Program Files\JetBrains\IntelliJ IDEA Community Edition 2020.1.1\lib\idea_rt.jar=61074:C:\Program Files\JetBrains\IntelliJ IDEA Community Edition 2020.1.1\bin -Dfile.encoding=UTF-8 org.codehaus.classworlds.Launcher -Didea.version2020.1.2 clean install

Host: Intel(R) Xeon(R) CPU E5-1620 0 @ 3.60GHz, 8 cores, 15G,  Windows 10 , 64 bit Build 18362 (10.0.18362.778)
Time: Tue Jun  9 15:23:31 2020 Arab Standard Time elapsed time: 0 seconds (0d 0h 0m 0s)

---------------  T H R E A D  ---------------

Current thread (0x000001db7d4e0000):  JavaThread "Unknown thread" [_thread_in_vm, id=5124, stack(0x000000a3a3f00000,0x000000a3a4000000)]

Stack: [0x000000a3a3f00000,0x000000a3a4000000]
Native frames: (J=compiled Java code, j=interpreted, Vv=VM code, C=native code)
V  [jvm.dll+0x624f9a]
V  [jvm.dll+0x770cfa]
V  [jvm.dll+0x7724af]
V  [jvm.dll+0x772ab3]
V  [jvm.dll+0x24bf08]
V  [jvm.dll+0x6222aa]
V  [jvm.dll+0x6170b5]
V  [jvm.dll+0x30a88c]
V  [jvm.dll+0x30a6c2]
V  [jvm.dll+0x30fe36]
V  [jvm.dll+0x353f46]
V  [jvm.dll+0x353720]
V  [jvm.dll+0x2e550a]
V  [jvm.dll+0x2e67a2]
V  [jvm.dll+0x74dd78]
V  [jvm.dll+0x361989]
V  [jvm.dll+0x730e65]
V  [jvm.dll+0x3cc53f]
V  [jvm.dll+0x3ce861]
C  [jli.dll+0x51ff]
C  [ucrtbase.dll+0x20e82]
C  [KERNEL32.DLL+0x17bd4]
C  [ntdll.dll+0x6ce51]


---------------  P R O C E S S  ---------------

Threads class SMR info:
_java_thread_list=0x00007ffa73feccb8, length=0, elements={
}

Java Threads: ( => current thread )

Other Threads:
  0x000001db7d54a800 GCTaskThread "GC Thread#0" [stack: 0x000000a3a4000000,0x000000a3a4100000] [id=14404]
  0x000001db7d56c000 ConcurrentGCThread "G1 Main Marker" [stack: 0x000000a3a4100000,0x000000a3a4200000] [id=12000]
  0x000001db7d56d800 ConcurrentGCThread "G1 Conc#0" [stack: 0x000000a3a4200000,0x000000a3a4300000] [id=17404]

[error occurred during error reporting (printing all threads), id 0xc0000005, EXCEPTION_ACCESS_VIOLATION (0xc0000005) at pc=0x00007ffa738251d7]

VM state:not at safepoint (not fully initialized)

VM Mutex/Monitor currently owned by a thread:  ([mutex/lock_event])
[0x000001db7d4dca20] Heap_lock - owner thread: 0x000001db7d4e0000

Heap address: 0x0000000701200000, size: 4078 MB, Compressed Oops mode: Non-zero based: 0x0000000701200000
Narrow klass base: 0x0000000000000000, Narrow klass shift: 0

GC Heap History (0 events):
No events

Deoptimization events (0 events):
No events

Classes unloaded (0 events):
No events

Classes redefined (0 events):
No events

Internal exceptions (0 events):
No events

Events (8 events):
Event: 0.007 Loaded shared library C:\Program Files\Java\jdk-13.0.2\bin\zip.dll
Event: 0.007 Loaded shared library C:\Program Files\Java\jdk-13.0.2\bin\jimage.dll
Event: 0.008 Loading shared library C:\Program Files\Java\jdk-13.0.2\lib\libjava.base-coop.dll failed, error code 126
Event: 0.008 Loading shared library C:\Program Files\Java\jdk-13.0.2\lib\libjava.logging-coop.dll failed, error code 126
Event: 0.008 Loading shared library C:\Program Files\Java\jdk-13.0.2\lib\libjdk.compiler-coop.dll failed, error code 126
Event: 0.008 Loading shared library C:\Program Files\Java\jdk-13.0.2\lib\libjdk.scripting.nashorn-coop.dll failed, error code 126
Event: 0.009 Loading shared library C:\Program Files\Java\jdk-13.0.2\lib\libjdk.internal.vm.ci-coop.dll failed, error code 126
Event: 0.009 Loading shared library C:\Program Files\Java\jdk-13.0.2\lib\libjdk.internal.vm.compiler-coop.dll failed, error code 126


Dynamic libraries:
0x00007ff7ce4d0000 - 0x00007ff7ce4df000 	C:\Program Files\Java\jdk-13.0.2\bin\java.exe
0x00007ffad12a0000 - 0x00007ffad1490000 	C:\Windows\SYSTEM32\ntdll.dll
0x00007ffad03b0000 - 0x00007ffad0462000 	C:\Windows\System32\KERNEL32.DLL
0x00007fface380000 - 0x00007fface624000 	C:\Windows\System32\KERNELBASE.dll
0x00007fface7d0000 - 0x00007fface8ca000 	C:\Windows\System32\ucrtbase.dll
0x00007ffac6e80000 - 0x00007ffac6e95000 	C:\Program Files\Java\jdk-13.0.2\bin\VCRUNTIME140.dll
0x00007ffac9450000 - 0x00007ffac9468000 	C:\Program Files\Java\jdk-13.0.2\bin\jli.dll
0x00007ffad0b20000 - 0x00007ffad0bc3000 	C:\Windows\System32\ADVAPI32.dll
0x00007ffacf940000 - 0x00007ffacf9de000 	C:\Windows\System32\msvcrt.dll
0x00007ffad10a0000 - 0x00007ffad1137000 	C:\Windows\System32\sechost.dll
0x00007ffad1140000 - 0x00007ffad1260000 	C:\Windows\System32\RPCRT4.dll
0x00007ffad0830000 - 0x00007ffad09c4000 	C:\Windows\System32\USER32.dll
0x00007ffabd5f0000 - 0x00007ffabd874000 	C:\Windows\WinSxS\amd64_microsoft.windows.common-controls_6595b64144ccf1df_6.0.18362.836_none_e6c4b943130f18ed\COMCTL32.dll
0x00007ffacea80000 - 0x00007ffaceaa1000 	C:\Windows\System32\win32u.dll
0x00007ffad0ff0000 - 0x00007ffad1016000 	C:\Windows\System32\GDI32.dll
0x00007ffad0470000 - 0x00007ffad07a6000 	C:\Windows\System32\combase.dll
0x00007fface630000 - 0x00007fface7c4000 	C:\Windows\System32\gdi32full.dll
0x00007ffacea00000 - 0x00007ffacea80000 	C:\Windows\System32\bcryptPrimitives.dll
0x00007ffaceab0000 - 0x00007ffaceb4e000 	C:\Windows\System32\msvcp_win.dll
0x00007ffac8b50000 - 0x00007ffac8b5a000 	C:\Windows\SYSTEM32\VERSION.dll
0x00007ffad0ca0000 - 0x00007ffad0cce000 	C:\Windows\System32\IMM32.DLL
0x00007ffa9af20000 - 0x00007ffa9afbb000 	C:\Program Files\Java\jdk-13.0.2\bin\msvcp140.dll
0x00007ffa73530000 - 0x00007ffa7408d000 	C:\Program Files\Java\jdk-13.0.2\bin\server\jvm.dll
0x00007ffacf8d0000 - 0x00007ffacf8d8000 	C:\Windows\System32\PSAPI.DLL
0x00007ffacbda0000 - 0x00007ffacbdc4000 	C:\Windows\SYSTEM32\WINMM.dll
0x00007ffac4b20000 - 0x00007ffac4b29000 	C:\Windows\SYSTEM32\WSOCK32.dll
0x00007ffad0f80000 - 0x00007ffad0fef000 	C:\Windows\System32\WS2_32.dll
0x00007ffacbd70000 - 0x00007ffacbd9d000 	C:\Windows\SYSTEM32\WINMMBASE.dll
0x00007fface900000 - 0x00007fface94a000 	C:\Windows\System32\cfgmgr32.dll
0x00007fface1c0000 - 0x00007fface1d1000 	C:\Windows\System32\kernel.appcore.dll
0x00007ffaca750000 - 0x00007ffaca760000 	C:\Program Files\Java\jdk-13.0.2\bin\verify.dll
0x00007ffacc9f0000 - 0x00007ffaccbe4000 	C:\Windows\SYSTEM32\DBGHELP.DLL
0x00007ffabd880000 - 0x00007ffabd8aa000 	C:\Windows\SYSTEM32\dbgcore.DLL
0x00007ffac4b60000 - 0x00007ffac4b86000 	C:\Program Files\Java\jdk-13.0.2\bin\java.dll
0x00007ffaca6f0000 - 0x00007ffaca6fe000 	C:\Program Files\Java\jdk-13.0.2\bin\instrument.dll
0x00007ffac6310000 - 0x00007ffac6327000 	C:\Program Files\Java\jdk-13.0.2\bin\zip.dll
0x00007ffac4c60000 - 0x00007ffac4c6a000 	C:\Program Files\Java\jdk-13.0.2\bin\jimage.dll

dbghelp: loaded successfully - version: 4.0.5 - missing functions: none
symbol engine: initialized successfully - sym options: 0x614 - pdb path: .;C:\Program Files\Java\jdk-13.0.2\bin;C:\Windows\SYSTEM32;C:\Windows\WinSxS\amd64_microsoft.windows.common-controls_6595b64144ccf1df_6.0.18362.836_none_e6c4b943130f18ed;C:\Program Files\Java\jdk-13.0.2\bin\server

VM Arguments:
jvm_args: -Dmaven.multiModuleProjectDirectory=C:\Users\manss\IdeaProjects\MFA-LOCAL -Dmaven.home=C:\Program Files\JetBrains\IntelliJ IDEA Community Edition 2020.1.1\plugins\maven\lib\maven3 -Dclassworlds.conf=C:\Program Files\JetBrains\IntelliJ IDEA Community Edition 2020.1.1\plugins\maven\lib\maven3\bin\m2.conf -Dmaven.ext.class.path=C:\Program Files\JetBrains\IntelliJ IDEA Community Edition 2020.1.1\plugins\maven\lib\maven-event-listener.jar -javaagent:C:\Program Files\JetBrains\IntelliJ IDEA Community Edition 2020.1.1\lib\idea_rt.jar=61074:C:\Program Files\JetBrains\IntelliJ IDEA Community Edition 2020.1.1\bin -Dfile.encoding=UTF-8 
java_command: org.codehaus.classworlds.Launcher -Didea.version2020.1.2 clean install
java_class_path (initial): C:\Program Files\JetBrains\IntelliJ IDEA Community Edition 2020.1.1\plugins\maven\lib\maven3\boot\plexus-classworlds-2.6.0.jar;C:\Program Files\JetBrains\IntelliJ IDEA Community Edition 2020.1.1\plugins\maven\lib\maven3\boot\plexus-classworlds.license
Launcher Type: SUN_STANDARD

[Global flags]
     intx CICompilerCount                          = 4                                         {product} {ergonomic}
     uint ConcGCThreads                            = 2                                         {product} {ergonomic}
     uint G1ConcRefinementThreads                  = 8                                         {product} {ergonomic}
   size_t G1HeapRegionSize                         = 1048576                                   {product} {ergonomic}
    uintx GCDrainStackTargetSize                   = 64                                        {product} {ergonomic}
   size_t InitialHeapSize                          = 268435456                                 {product} {ergonomic}
   size_t MarkStackSize                            = 4194304                                   {product} {ergonomic}
   size_t MaxHeapSize                              = 4276092928                                {product} {ergonomic}
   size_t MinHeapDeltaBytes                        = 1048576                                   {product} {ergonomic}
   size_t MinHeapSize                              = 8388608                                   {product} {ergonomic}
    uintx NonNMethodCodeHeapSize                   = 5839372                                {pd product} {ergonomic}
    uintx NonProfiledCodeHeapSize                  = 122909434                              {pd product} {ergonomic}
    uintx ProfiledCodeHeapSize                     = 122909434                              {pd product} {ergonomic}
    uintx ReservedCodeCacheSize                    = 251658240                              {pd product} {ergonomic}
     bool SegmentedCodeCache                       = true                                      {product} {ergonomic}
   size_t SoftMaxHeapSize                          = 4276092928                             {manageable} {ergonomic}
     bool UseCompressedClassPointers               = true                                 {lp64_product} {ergonomic}
     bool UseCompressedOops                        = true                                 {lp64_product} {ergonomic}
     bool UseG1GC                                  = true                                      {product} {ergonomic}
     bool UseLargePagesIndividualAllocation        = false                                  {pd product} {ergonomic}

Logging:
Log output configuration:
 #0: stdout all=warning uptime,level,tags
 #1: stderr all=off uptime,level,tags

Environment Variables:
PATH=C:\Program Files (x86)\Common Files\Intel\Shared Libraries\redist\intel64_win\compiler;C:\Windows\system32;C:\Windows;C:\Windows\System32\Wbem;C:\Windows\System32\WindowsPowerShell\v1.0\;C:\Windows\System32\OpenSSH\;C:\Program Files\Git\cmd;C:\Program Files\NVIDIA Corporation\NVIDIA NvDLISR;C:\Users\manss\AppData\Local\Microsoft\WindowsApps;C:\Users\manss\AppData\Local\atom\bin
USERNAME=manss
OS=Windows_NT
PROCESSOR_IDENTIFIER=Intel64 Family 6 Model 45 Stepping 7, GenuineIntel



---------------  S Y S T E M  ---------------

OS: Windows 10 , 64 bit Build 18362 (10.0.18362.778)

CPU:total 8 (initial active 8) (4 cores per cpu, 2 threads per core) family 6 model 45 stepping 7, cmov, cx8, fxsr, mmx, sse, sse2, sse3, ssse3, sse4.1, sse4.2, popcnt, avx, aes, clmul, ht, tsc, tscinvbit, tscinv

Memory: 4k page, system-wide physical 16309M (5049M free)
TotalPageFile size 16309M (AvailPageFile size 212M)
current process WorkingSet (physical memory assigned to process): 10M, peak: 10M
current process commit charge ("private bytes"): 61M, peak: 317M

vm_info: Java HotSpot(TM) 64-Bit Server VM (13.0.2+8) for windows-amd64 JRE (13.0.2+8), built on Dec 11 2019 09:20:33 by "mach5one" with unknown MS VC++:1916

END.
